<?xml version="1.0" encoding="UTF-8"?>
<testng-results total="2" passed="2" failed="0" skipped="0">
  <reporter-output>
  </reporter-output>
  <suite started-at="2023-12-01T11:48:02Z" name="Surefire suite" finished-at="2023-12-01T11:48:45Z" duration-ms="43224">
    <groups>
      <group name="cucumber">
        <method signature="AbstractTestNGCucumberTests.runScenario(io.cucumber.testng.PickleWrapper, io.cucumber.testng.FeatureWrapper)[pri:0, instance:com.test.runner.TestRunnerCucumber@408d971b]" name="runScenario" class="io.cucumber.testng.AbstractTestNGCucumberTests"/>
      </group> <!-- cucumber -->
    </groups>
    <test started-at="2023-12-01T11:48:02Z" name="Surefire test" finished-at="2023-12-01T11:48:45Z" duration-ms="43224">
      <class name="com.test.runner.TestRunnerCucumber">
        <test-method is-config="true" signature="setUpClass()[pri:0, instance:com.test.runner.TestRunnerCucumber@408d971b]" started-at="2023-12-01T17:18:02Z" name="setUpClass" finished-at="2023-12-01T17:18:02Z" duration-ms="830" status="PASS">
          <reporter-output>
          </reporter-output>
        </test-method> <!-- setUpClass -->
        <test-method signature="runScenario(io.cucumber.testng.PickleWrapper, io.cucumber.testng.FeatureWrapper)[pri:0, instance:com.test.runner.TestRunnerCucumber@408d971b]" started-at="2023-12-01T17:18:02Z" name="runScenario" description="Runs Cucumber Scenarios" data-provider="scenarios" finished-at="2023-12-01T17:18:23Z" duration-ms="20281" status="PASS">
          <params>
            <param index="0">
              <value>
                <![CDATA["Verify User able to change the theme"]]>
              </value>
            </param>
            <param index="1">
              <value>
                <![CDATA["Optional[AndroidApp Calculator validation]"]]>
              </value>
            </param>
          </params>
          <reporter-output>
          </reporter-output>
        </test-method> <!-- runScenario -->
        <test-method signature="runScenario(io.cucumber.testng.PickleWrapper, io.cucumber.testng.FeatureWrapper)[pri:0, instance:com.test.runner.TestRunnerCucumber@408d971b]" started-at="2023-12-01T17:18:23Z" name="runScenario" description="Runs Cucumber Scenarios" data-provider="scenarios" finished-at="2023-12-01T17:18:45Z" duration-ms="21868" status="PASS">
          <params>
            <param index="0">
              <value>
                <![CDATA["Verify History section after performing multiplication operation"]]>
              </value>
            </param>
            <param index="1">
              <value>
                <![CDATA["Optional[AndroidApp Calculator validation]"]]>
              </value>
            </param>
          </params>
          <reporter-output>
          </reporter-output>
        </test-method> <!-- runScenario -->
        <test-method is-config="true" signature="tearDownClass()[pri:0, instance:com.test.runner.TestRunnerCucumber@408d971b]" started-at="2023-12-01T17:18:45Z" name="tearDownClass" finished-at="2023-12-01T17:18:45Z" duration-ms="226" status="PASS">
          <reporter-output>
          </reporter-output>
        </test-method> <!-- tearDownClass -->
      </class> <!-- com.test.runner.TestRunnerCucumber -->
    </test> <!-- Surefire test -->
  </suite> <!-- Surefire suite -->
</testng-results>
