<?xml version="1.0" encoding="UTF-8"?>
<testsuite xmlns:xsi="http://www.w3.org/2001/XMLSchema-instance" xsi:noNamespaceSchemaLocation="https://maven.apache.org/surefire/maven-surefire-plugin/xsd/surefire-test-report-3.0.xsd" version="3.0" name="com.test.runner.TestRunnerCucumber" time="44.035" tests="2" errors="0" skipped="0" failures="0">
  <properties>
[...]
</properties>
  <testcase name="runScenario[&quot;Verify User able to change the theme&quot;, &quot;Optional[AndroidApp Calculator validation]&quot;](1)" classname="com.test.runner.TestRunnerCucumber" time="20.293">
    <system-out><![CDATA[
Scenario: Verify User able to change the theme             # src/test/resources/features/calculatorDemo.feature:3
  Given Launch the app                                     # com.test.stepDefinition.StepDefinition.launch_the_app()
  When Click on moreoptions button in the top right corner # com.test.stepDefinition.StepDefinition.click_on_moreoptions_button_in_the_top_right_corner()
  And Click on choose theme button                         # com.test.stepDefinition.StepDefinition.click_on_choose_them_button()
  When Click on Light button                               # com.test.stepDefinition.StepDefinition.click_on_light_button()
  And Click on OK button                                   # com.test.stepDefinition.StepDefinition.click_on_ok_button()
  Then Verify user is in calculation page                  # com.test.stepDefinition.StepDefinition.verify_user_is_in_calculation_page()
]]></system-out>
    <system-err><![CDATA[Dec 01, 2023 5:18:13 PM io.appium.java_client.remote.AppiumCommandExecutor$1 lambda$0
INFO: Detected dialect: W3C
]]></system-err>
  </testcase>
  <testcase name="runScenario[&quot;Verify History section after performing multiplication operation&quot;, &quot;Optional[AndroidApp Calculator validation]&quot;](2)" classname="com.test.runner.TestRunnerCucumber" time="21.848">
    <system-out><![CDATA[
Scenario Outline: Verify History section after performing multiplication operation # src/test/resources/features/calculatorDemo.feature:24
  When Enter the value"6" in the calculator                                        # com.test.stepDefinition.StepDefinition.enter_the_value_in_the_calculator(java.lang.Integer)
  And Tap on multiplication icon                                                   # com.test.stepDefinition.StepDefinition.tap_on_multiplication_icon()
  When Tap on digit nine                                                           # com.test.stepDefinition.StepDefinition.tap_on_digit_nine()
  And Click on Equal icon                                                          # com.test.stepDefinition.StepDefinition.click_on_Equal_icon()
  When Click on moreoptions button in the top right corner                         # com.test.stepDefinition.StepDefinition.click_on_moreoptions_button_in_the_top_right_corner()
  And Click on History button                                                      # com.test.stepDefinition.StepDefinition.click_on_History_button()
54
  Then Verify input and results                                                    # com.test.stepDefinition.StepDefinition.verify_input_and_results()
  And Close App                                                                    # com.test.stepDefinition.StepDefinition.close_App()
]]></system-out>
  </testcase>
</testsuite>